<?xml version="1.0" encoding="UTF-8"?>
<!-- Generated by org.testng.reporters.JUnitXMLReporter -->
<testsuite ignored="0" hostname="DESKTOP-MVNO6IQ" failures="0" tests="4" name="Test" time="96.706" errors="0" timestamp="2023-03-05T14:42:35 IST">
  <testcase classname="TestCases.VerifyHeader" name="Header" time="39.288"/>
  <testcase classname="TestCases.VerifyMenubar" name="MenuBar" time="4.197"/>
  <testcase classname="TestCases.VerifyFooter" name="footer" time="5.476"/>
  <testcase classname="TestCases.Verifycart" name="cart" time="6.789"/>
</testsuite> <!-- Test -->
