<?xml version="1.0" encoding="UTF-8"?>
<!-- Generated by org.testng.reporters.JUnitXMLReporter -->
<testsuite ignored="8" hostname="DESKTOP-MVNO6IQ" failures="1" tests="5" name="Test" time="88.085" errors="0" timestamp="2023-03-29T13:26:32 IST">
  <testcase classname="TestCases.VerifyHeader" name="Header" time="2.857"/>
  <testcase classname="TestCases.VerifyFooter" name="footer" time="11.678"/>
  <testcase classname="TestCases.VerifyMenubar" name="MenuBar" time="5.006"/>
  <testcase classname="TestCases.Verifycart" name="cart" time="10.417"/>
  <testcase classname="TestCases.VerifyRegisterAndLogin" name="registerAndLogin" time="0.002">
    <failure type="java.lang.Error" message="Unresolved compilation problems: 
	roj cannot be resolved
	roj cannot be resolved
	roj cannot be resolved
	roj cannot be resolved
	roj cannot be resolved
	roj cannot be resolved
	roj cannot be resolved
	roj cannot be resolved
	roj cannot be resolved
	roj cannot be resolved
	roj cannot be resolved
	roj cannot be resolved
	roj cannot be resolved
	roj cannot be resolved
	roj cannot be resolved
	roj cannot be resolved
	roj cannot be resolved
">
      <![CDATA[java.lang.Error: Unresolved compilation problems: 
roj cannot be resolved
roj cannot be resolved
roj cannot be resolved
roj cannot be resolved
roj cannot be resolved
roj cannot be resolved
roj cannot be resolved
roj cannot be resolved
roj cannot be resolved
roj cannot be resolved
roj cannot be resolved
roj cannot be resolved
roj cannot be resolved
roj cannot be resolved
roj cannot be resolved
roj cannot be resolved
roj cannot be resolved

at TestCases.VerifyRegisterAndLogin.registerAndLogin(VerifyRegisterAndLogin.java:18)
at java.base/java.util.ArrayList.forEach(ArrayList.java:1511)
... Removed 27 stack frames]]>
    </failure>
  </testcase> <!-- registerAndLogin -->
  <testcase classname="Resource.BaseClass" name="@AfterSuite afterSuite" time="0.0">
    <ignored/>
  </testcase> <!-- @AfterSuite afterSuite -->
  <testcase classname="Resource.BaseClass" name="@AfterSuite afterSuite" time="0.0">
    <ignored/>
  </testcase> <!-- @AfterSuite afterSuite -->
  <testcase classname="Resource.BaseClass" name="@AfterSuite afterSuite" time="0.0">
    <ignored/>
  </testcase> <!-- @AfterSuite afterSuite -->
  <testcase classname="Resource.BaseClass" name="@AfterSuite afterSuite" time="0.0">
    <ignored/>
  </testcase> <!-- @AfterSuite afterSuite -->
  <testcase classname="Resource.BaseClass" name="@BeforeSuite beforeSuite" time="0.0">
    <ignored/>
  </testcase> <!-- @BeforeSuite beforeSuite -->
  <testcase classname="Resource.BaseClass" name="@BeforeSuite beforeSuite" time="0.0">
    <ignored/>
  </testcase> <!-- @BeforeSuite beforeSuite -->
  <testcase classname="Resource.BaseClass" name="@BeforeSuite beforeSuite" time="0.0">
    <ignored/>
  </testcase> <!-- @BeforeSuite beforeSuite -->
  <testcase classname="Resource.BaseClass" name="@BeforeSuite beforeSuite" time="0.0">
    <ignored/>
  </testcase> <!-- @BeforeSuite beforeSuite -->
</testsuite> <!-- Test -->
