<?xml version="1.0" encoding="UTF-8"?>
<!-- Generated by org.testng.reporters.JUnitXMLReporter -->
<testsuite ignored="0" hostname="DESKTOP-MVNO6IQ" failures="0" tests="4" name="Test" time="89.09" errors="0" timestamp="2023-03-05T14:39:41 IST">
  <testcase classname="TestCases.VerifyHeader" name="Header" time="14.06"/>
  <testcase classname="TestCases.VerifyMenubar" name="MenuBar" time="5.698"/>
  <testcase classname="TestCases.VerifyFooter" name="footer" time="11.073"/>
  <testcase classname="TestCases.Verifycart" name="cart" time="9.368"/>
</testsuite> <!-- Test -->
