<?xml version="1.0" encoding="UTF-8"?>
<testng-results ignored="0" total="4" passed="4" failed="0" skipped="0">
  <reporter-output>
  </reporter-output>
  <suite started-at="2023-03-05T14:38:11 IST" name="Suite" finished-at="2023-03-05T14:39:40 IST" duration-ms="89090">
    <groups>
    </groups>
    <test started-at="2023-03-05T14:38:11 IST" name="Test" finished-at="2023-03-05T14:39:40 IST" duration-ms="89090">
      <class name="TestCases.VerifyHeader">
        <test-method is-config="true" signature="openUrl()[pri:0, instance:TestCases.VerifyHeader@13e39c73]" started-at="2023-03-05T14:38:12 IST" name="openUrl" finished-at="2023-03-05T14:38:25 IST" duration-ms="13624" status="PASS">
          <reporter-output>
          </reporter-output>
        </test-method> <!-- openUrl -->
        <test-method signature="Header()[pri:0, instance:TestCases.VerifyHeader@13e39c73]" started-at="2023-03-05T14:38:25 IST" name="Header" finished-at="2023-03-05T14:38:39 IST" duration-ms="14060" status="PASS">
          <reporter-output>
          </reporter-output>
        </test-method> <!-- Header -->
      </class> <!-- TestCases.VerifyHeader -->
      <class name="TestCases.Verifycart">
        <test-method is-config="true" signature="openUrl()[pri:0, instance:TestCases.Verifycart@619713e5]" started-at="2023-03-05T14:39:20 IST" name="openUrl" finished-at="2023-03-05T14:39:31 IST" duration-ms="10699" status="PASS">
          <reporter-output>
          </reporter-output>
        </test-method> <!-- openUrl -->
        <test-method signature="cart()[pri:0, instance:TestCases.Verifycart@619713e5]" started-at="2023-03-05T14:39:31 IST" name="cart" finished-at="2023-03-05T14:39:40 IST" duration-ms="9368" status="PASS">
          <reporter-output>
          </reporter-output>
        </test-method> <!-- cart -->
      </class> <!-- TestCases.Verifycart -->
      <class name="TestCases.VerifyMenubar">
        <test-method is-config="true" signature="openUrl()[pri:0, instance:TestCases.VerifyMenubar@130161f7]" started-at="2023-03-05T14:38:39 IST" name="openUrl" finished-at="2023-03-05T14:38:52 IST" duration-ms="12822" status="PASS">
          <reporter-output>
          </reporter-output>
        </test-method> <!-- openUrl -->
        <test-method signature="MenuBar()[pri:0, instance:TestCases.VerifyMenubar@130161f7]" started-at="2023-03-05T14:38:52 IST" name="MenuBar" finished-at="2023-03-05T14:38:58 IST" duration-ms="5698" status="PASS">
          <reporter-output>
          </reporter-output>
        </test-method> <!-- MenuBar -->
      </class> <!-- TestCases.VerifyMenubar -->
      <class name="TestCases.VerifyFooter">
        <test-method is-config="true" signature="openUrl()[pri:0, instance:TestCases.VerifyFooter@2c767a52]" started-at="2023-03-05T14:38:58 IST" name="openUrl" finished-at="2023-03-05T14:39:09 IST" duration-ms="11588" status="PASS">
          <reporter-output>
          </reporter-output>
        </test-method> <!-- openUrl -->
        <test-method signature="footer()[pri:0, instance:TestCases.VerifyFooter@2c767a52]" started-at="2023-03-05T14:39:09 IST" name="footer" finished-at="2023-03-05T14:39:20 IST" duration-ms="11073" status="PASS">
          <reporter-output>
          </reporter-output>
        </test-method> <!-- footer -->
      </class> <!-- TestCases.VerifyFooter -->
    </test> <!-- Test -->
  </suite> <!-- Suite -->
</testng-results>
