<?xml version="1.0" encoding="UTF-8"?>
<testng-results ignored="8" total="13" passed="4" failed="1" skipped="0">
  <reporter-output>
  </reporter-output>
  <suite started-at="2023-03-29T13:25:04 IST" name="Suite" finished-at="2023-03-29T13:26:32 IST" duration-ms="88085">
    <groups>
    </groups>
    <test started-at="2023-03-29T13:25:04 IST" name="Test" finished-at="2023-03-29T13:26:32 IST" duration-ms="88085">
      <class name="TestCases.VerifyHeader">
        <test-method is-config="true" signature="beforeSuite()[pri:0, instance:TestCases.VerifyHeader@9f116cc]" started-at="2023-03-29T13:25:03 IST" name="beforeSuite" finished-at="2023-03-29T13:25:04 IST" duration-ms="700" status="PASS">
          <reporter-output>
          </reporter-output>
        </test-method> <!-- beforeSuite -->
        <test-method is-config="true" signature="openUrl()[pri:0, instance:TestCases.VerifyHeader@9f116cc]" started-at="2023-03-29T13:25:04 IST" name="openUrl" finished-at="2023-03-29T13:25:16 IST" duration-ms="12011" status="PASS">
          <reporter-output>
          </reporter-output>
        </test-method> <!-- openUrl -->
        <test-method signature="Header()[pri:0, instance:TestCases.VerifyHeader@9f116cc]" started-at="2023-03-29T13:25:16 IST" name="Header" finished-at="2023-03-29T13:25:19 IST" duration-ms="2857" status="PASS">
          <reporter-output>
          </reporter-output>
        </test-method> <!-- Header -->
        <test-method is-config="true" signature="close()[pri:0, instance:TestCases.VerifyHeader@9f116cc]" started-at="2023-03-29T13:25:19 IST" name="close" finished-at="2023-03-29T13:25:19 IST" duration-ms="508" status="PASS">
          <reporter-output>
          </reporter-output>
        </test-method> <!-- close -->
        <test-method is-config="true" signature="afterSuite()[pri:0, instance:TestCases.VerifyHeader@9f116cc]" started-at="2023-03-29T13:26:32 IST" name="afterSuite" finished-at="2023-03-29T13:26:33 IST" duration-ms="760" status="PASS">
          <reporter-output>
          </reporter-output>
        </test-method> <!-- afterSuite -->
      </class> <!-- TestCases.VerifyHeader -->
      <class name="TestCases.Verifycart">
        <test-method is-config="true" signature="openUrl()[pri:0, instance:TestCases.Verifycart@52bf72b5]" started-at="2023-03-29T13:25:57 IST" name="openUrl" finished-at="2023-03-29T13:26:15 IST" duration-ms="17270" status="PASS">
          <reporter-output>
          </reporter-output>
        </test-method> <!-- openUrl -->
        <test-method signature="cart()[pri:0, instance:TestCases.Verifycart@52bf72b5]" started-at="2023-03-29T13:26:15 IST" name="cart" finished-at="2023-03-29T13:26:25 IST" duration-ms="10417" status="PASS">
          <reporter-output>
          </reporter-output>
        </test-method> <!-- cart -->
        <test-method is-config="true" signature="close()[pri:0, instance:TestCases.Verifycart@52bf72b5]" started-at="2023-03-29T13:26:25 IST" name="close" finished-at="2023-03-29T13:26:26 IST" duration-ms="656" status="PASS">
          <reporter-output>
          </reporter-output>
        </test-method> <!-- close -->
      </class> <!-- TestCases.Verifycart -->
      <class name="TestCases.VerifyMenubar">
        <test-method is-config="true" signature="openUrl()[pri:0, instance:TestCases.VerifyMenubar@6d763516]" started-at="2023-03-29T13:25:44 IST" name="openUrl" finished-at="2023-03-29T13:25:52 IST" duration-ms="8091" status="PASS">
          <reporter-output>
          </reporter-output>
        </test-method> <!-- openUrl -->
        <test-method signature="MenuBar()[pri:0, instance:TestCases.VerifyMenubar@6d763516]" started-at="2023-03-29T13:25:52 IST" name="MenuBar" finished-at="2023-03-29T13:25:57 IST" duration-ms="5006" status="PASS">
          <reporter-output>
          </reporter-output>
        </test-method> <!-- MenuBar -->
        <test-method is-config="true" signature="close()[pri:0, instance:TestCases.VerifyMenubar@6d763516]" started-at="2023-03-29T13:25:57 IST" name="close" finished-at="2023-03-29T13:25:57 IST" duration-ms="456" status="PASS">
          <reporter-output>
          </reporter-output>
        </test-method> <!-- close -->
      </class> <!-- TestCases.VerifyMenubar -->
      <class name="TestCases.VerifyRegisterAndLogin">
        <test-method is-config="true" signature="openUrl()[pri:0, instance:TestCases.VerifyRegisterAndLogin@37afeb11]" started-at="2023-03-29T13:26:26 IST" name="openUrl" finished-at="2023-03-29T13:26:31 IST" duration-ms="5109" status="PASS">
          <reporter-output>
          </reporter-output>
        </test-method> <!-- openUrl -->
        <test-method signature="registerAndLogin()[pri:0, instance:TestCases.VerifyRegisterAndLogin@37afeb11]" started-at="2023-03-29T13:26:31 IST" name="registerAndLogin" finished-at="2023-03-29T13:26:31 IST" duration-ms="2" status="FAIL">
          <exception class="java.lang.Error">
            <message>
              <![CDATA[Unresolved compilation problems: 
roj cannot be resolved
roj cannot be resolved
roj cannot be resolved
roj cannot be resolved
roj cannot be resolved
roj cannot be resolved
roj cannot be resolved
roj cannot be resolved
roj cannot be resolved
roj cannot be resolved
roj cannot be resolved
roj cannot be resolved
roj cannot be resolved
roj cannot be resolved
roj cannot be resolved
roj cannot be resolved
roj cannot be resolved
]]>
            </message>
            <full-stacktrace>
              <![CDATA[java.lang.Error: Unresolved compilation problems: 
roj cannot be resolved
roj cannot be resolved
roj cannot be resolved
roj cannot be resolved
roj cannot be resolved
roj cannot be resolved
roj cannot be resolved
roj cannot be resolved
roj cannot be resolved
roj cannot be resolved
roj cannot be resolved
roj cannot be resolved
roj cannot be resolved
roj cannot be resolved
roj cannot be resolved
roj cannot be resolved
roj cannot be resolved

at TestCases.VerifyRegisterAndLogin.registerAndLogin(VerifyRegisterAndLogin.java:18)
at java.base/jdk.internal.reflect.NativeMethodAccessorImpl.invoke0(Native Method)
at java.base/jdk.internal.reflect.NativeMethodAccessorImpl.invoke(NativeMethodAccessorImpl.java:77)
at java.base/jdk.internal.reflect.DelegatingMethodAccessorImpl.invoke(DelegatingMethodAccessorImpl.java:43)
at java.base/java.lang.reflect.Method.invoke(Method.java:568)
at org.testng.internal.MethodInvocationHelper.invokeMethod(MethodInvocationHelper.java:133)
at org.testng.internal.TestInvoker.invokeMethod(TestInvoker.java:598)
at org.testng.internal.TestInvoker.invokeTestMethod(TestInvoker.java:173)
at org.testng.internal.MethodRunner.runInSequence(MethodRunner.java:46)
at org.testng.internal.TestInvoker$MethodInvocationAgent.invoke(TestInvoker.java:824)
at org.testng.internal.TestInvoker.invokeTestMethods(TestInvoker.java:146)
at org.testng.internal.TestMethodWorker.invokeTestMethods(TestMethodWorker.java:146)
at org.testng.internal.TestMethodWorker.run(TestMethodWorker.java:128)
at java.base/java.util.ArrayList.forEach(ArrayList.java:1511)
at org.testng.TestRunner.privateRun(TestRunner.java:794)
at org.testng.TestRunner.run(TestRunner.java:596)
at org.testng.SuiteRunner.runTest(SuiteRunner.java:377)
at org.testng.SuiteRunner.runSequentially(SuiteRunner.java:371)
at org.testng.SuiteRunner.privateRun(SuiteRunner.java:332)
at org.testng.SuiteRunner.run(SuiteRunner.java:276)
at org.testng.SuiteRunnerWorker.runSuite(SuiteRunnerWorker.java:53)
at org.testng.SuiteRunnerWorker.run(SuiteRunnerWorker.java:96)
at org.testng.TestNG.runSuitesSequentially(TestNG.java:1212)
at org.testng.TestNG.runSuitesLocally(TestNG.java:1134)
at org.testng.TestNG.runSuites(TestNG.java:1063)
at org.testng.TestNG.run(TestNG.java:1031)
at org.testng.remote.AbstractRemoteTestNG.run(AbstractRemoteTestNG.java:115)
at org.testng.remote.RemoteTestNG.initAndRun(RemoteTestNG.java:251)
at org.testng.remote.RemoteTestNG.main(RemoteTestNG.java:77)
]]>
            </full-stacktrace>
          </exception> <!-- java.lang.Error -->
          <reporter-output>
          </reporter-output>
        </test-method> <!-- registerAndLogin -->
        <test-method is-config="true" signature="close()[pri:0, instance:TestCases.VerifyRegisterAndLogin@37afeb11]" started-at="2023-03-29T13:26:31 IST" name="close" finished-at="2023-03-29T13:26:32 IST" duration-ms="386" status="PASS">
          <reporter-output>
          </reporter-output>
        </test-method> <!-- close -->
      </class> <!-- TestCases.VerifyRegisterAndLogin -->
      <class name="TestCases.VerifyFooter">
        <test-method is-config="true" signature="openUrl()[pri:0, instance:TestCases.VerifyFooter@2a798d51]" started-at="2023-03-29T13:25:19 IST" name="openUrl" finished-at="2023-03-29T13:25:32 IST" duration-ms="12664" status="PASS">
          <reporter-output>
          </reporter-output>
        </test-method> <!-- openUrl -->
        <test-method signature="footer()[pri:0, instance:TestCases.VerifyFooter@2a798d51]" started-at="2023-03-29T13:25:32 IST" name="footer" finished-at="2023-03-29T13:25:43 IST" duration-ms="11678" status="PASS">
          <reporter-output>
          </reporter-output>
        </test-method> <!-- footer -->
        <test-method is-config="true" signature="close()[pri:0, instance:TestCases.VerifyFooter@2a798d51]" started-at="2023-03-29T13:25:43 IST" name="close" finished-at="2023-03-29T13:25:44 IST" duration-ms="469" status="PASS">
          <reporter-output>
          </reporter-output>
        </test-method> <!-- close -->
      </class> <!-- TestCases.VerifyFooter -->
    </test> <!-- Test -->
  </suite> <!-- Suite -->
</testng-results>
