<?xml version="1.0" encoding="UTF-8"?>
<testng-results ignored="0" total="4" passed="4" failed="0" skipped="0">
  <reporter-output>
  </reporter-output>
  <suite started-at="2023-03-05T14:40:58 IST" name="Suite" finished-at="2023-03-05T14:42:35 IST" duration-ms="96706">
    <groups>
    </groups>
    <test started-at="2023-03-05T14:40:58 IST" name="Test" finished-at="2023-03-05T14:42:35 IST" duration-ms="96706">
      <class name="TestCases.VerifyHeader">
        <test-method is-config="true" signature="openUrl()[pri:0, instance:TestCases.VerifyHeader@243c4f91]" started-at="2023-03-05T14:40:58 IST" name="openUrl" finished-at="2023-03-05T14:41:10 IST" duration-ms="12454" status="PASS">
          <reporter-output>
          </reporter-output>
        </test-method> <!-- openUrl -->
        <test-method signature="Header()[pri:0, instance:TestCases.VerifyHeader@243c4f91]" started-at="2023-03-05T14:41:10 IST" name="Header" finished-at="2023-03-05T14:41:50 IST" duration-ms="39288" status="PASS">
          <reporter-output>
          </reporter-output>
        </test-method> <!-- Header -->
        <test-method is-config="true" signature="close()[pri:0, instance:TestCases.VerifyHeader@243c4f91]" started-at="2023-03-05T14:41:50 IST" name="close" finished-at="2023-03-05T14:41:50 IST" duration-ms="514" status="PASS">
          <reporter-output>
          </reporter-output>
        </test-method> <!-- close -->
      </class> <!-- TestCases.VerifyHeader -->
      <class name="TestCases.Verifycart">
        <test-method is-config="true" signature="openUrl()[pri:0, instance:TestCases.Verifycart@44ebcd03]" started-at="2023-03-05T14:42:20 IST" name="openUrl" finished-at="2023-03-05T14:42:27 IST" duration-ms="7429" status="PASS">
          <reporter-output>
          </reporter-output>
        </test-method> <!-- openUrl -->
        <test-method signature="cart()[pri:0, instance:TestCases.Verifycart@44ebcd03]" started-at="2023-03-05T14:42:27 IST" name="cart" finished-at="2023-03-05T14:42:34 IST" duration-ms="6789" status="PASS">
          <reporter-output>
          </reporter-output>
        </test-method> <!-- cart -->
        <test-method is-config="true" signature="close()[pri:0, instance:TestCases.Verifycart@44ebcd03]" started-at="2023-03-05T14:42:34 IST" name="close" finished-at="2023-03-05T14:42:35 IST" duration-ms="449" status="PASS">
          <reporter-output>
          </reporter-output>
        </test-method> <!-- close -->
      </class> <!-- TestCases.Verifycart -->
      <class name="TestCases.VerifyMenubar">
        <test-method is-config="true" signature="openUrl()[pri:0, instance:TestCases.VerifyMenubar@5af3afd9]" started-at="2023-03-05T14:41:50 IST" name="openUrl" finished-at="2023-03-05T14:42:01 IST" duration-ms="11212" status="PASS">
          <reporter-output>
          </reporter-output>
        </test-method> <!-- openUrl -->
        <test-method signature="MenuBar()[pri:0, instance:TestCases.VerifyMenubar@5af3afd9]" started-at="2023-03-05T14:42:01 IST" name="MenuBar" finished-at="2023-03-05T14:42:06 IST" duration-ms="4197" status="PASS">
          <reporter-output>
          </reporter-output>
        </test-method> <!-- MenuBar -->
        <test-method is-config="true" signature="close()[pri:0, instance:TestCases.VerifyMenubar@5af3afd9]" started-at="2023-03-05T14:42:06 IST" name="close" finished-at="2023-03-05T14:42:06 IST" duration-ms="454" status="PASS">
          <reporter-output>
          </reporter-output>
        </test-method> <!-- close -->
      </class> <!-- TestCases.VerifyMenubar -->
      <class name="TestCases.VerifyFooter">
        <test-method is-config="true" signature="openUrl()[pri:0, instance:TestCases.VerifyFooter@323b36e0]" started-at="2023-03-05T14:42:06 IST" name="openUrl" finished-at="2023-03-05T14:42:14 IST" duration-ms="7897" status="PASS">
          <reporter-output>
          </reporter-output>
        </test-method> <!-- openUrl -->
        <test-method signature="footer()[pri:0, instance:TestCases.VerifyFooter@323b36e0]" started-at="2023-03-05T14:42:14 IST" name="footer" finished-at="2023-03-05T14:42:20 IST" duration-ms="5476" status="PASS">
          <reporter-output>
          </reporter-output>
        </test-method> <!-- footer -->
        <test-method is-config="true" signature="close()[pri:0, instance:TestCases.VerifyFooter@323b36e0]" started-at="2023-03-05T14:42:20 IST" name="close" finished-at="2023-03-05T14:42:20 IST" duration-ms="431" status="PASS">
          <reporter-output>
          </reporter-output>
        </test-method> <!-- close -->
      </class> <!-- TestCases.VerifyFooter -->
    </test> <!-- Test -->
  </suite> <!-- Suite -->
</testng-results>
